{"/home/noureddine/Desktop/Syndicat-Application/server/server.js": {"path":"/home/noureddine/Desktop/Syndicat-Application/server/server.js","statementMap":{"0":{"start":{"line":1,"column":16},"end":{"line":1,"column":34}},"1":{"start":{"line":2,"column":12},"end":{"line":2,"column":21}},"2":{"start":{"line":3,"column":0},"end":{"line":3,"column":27}},"3":{"start":{"line":4,"column":13},"end":{"line":4,"column":28}},"4":{"start":{"line":5,"column":15},"end":{"line":5,"column":51}},"5":{"start":{"line":6,"column":20},"end":{"line":6,"column":59}},"6":{"start":{"line":7,"column":15},"end":{"line":7,"column":48}},"7":{"start":{"line":8,"column":16},"end":{"line":8,"column":50}},"8":{"start":{"line":9,"column":18},"end":{"line":9,"column":48}},"9":{"start":{"line":12,"column":13},"end":{"line":12,"column":41}},"10":{"start":{"line":13,"column":0},"end":{"line":13,"column":39}},"11":{"start":{"line":17,"column":0},"end":{"line":17,"column":48}},"12":{"start":{"line":18,"column":0},"end":{"line":18,"column":24}},"13":{"start":{"line":19,"column":0},"end":{"line":19,"column":46}},"14":{"start":{"line":20,"column":0},"end":{"line":20,"column":31}},"15":{"start":{"line":21,"column":0},"end":{"line":21,"column":36}},"16":{"start":{"line":22,"column":0},"end":{"line":22,"column":31}},"17":{"start":{"line":23,"column":0},"end":{"line":23,"column":32}},"18":{"start":{"line":24,"column":0},"end":{"line":24,"column":33}},"19":{"start":{"line":27,"column":0},"end":{"line":29,"column":3}},"20":{"start":{"line":28,"column":4},"end":{"line":28,"column":52}},"21":{"start":{"line":32,"column":0},"end":{"line":32,"column":22}}},"fnMap":{"0":{"name":"(anonymous_0)","decl":{"start":{"line":27,"column":17},"end":{"line":27,"column":18}},"loc":{"start":{"line":27,"column":23},"end":{"line":29,"column":1}},"line":27}},"branchMap":{"0":{"loc":{"start":{"line":12,"column":13},"end":{"line":12,"column":41}},"type":"binary-expr","locations":[{"start":{"line":12,"column":13},"end":{"line":12,"column":33}},{"start":{"line":12,"column":37},"end":{"line":12,"column":41}}],"line":12}},"s":{"0":1,"1":1,"2":1,"3":1,"4":1,"5":1,"6":1,"7":1,"8":1,"9":1,"10":1,"11":1,"12":1,"13":1,"14":1,"15":1,"16":1,"17":1,"18":1,"19":1,"20":1,"21":1},"f":{"0":1},"b":{"0":[1,0]},"_coverageSchema":"1a1c01bbd47fc00a2c39e90264f33305004495a9","hash":"7dc33334d05acae8d1f788859fddf941312edb4b"}
,"/home/noureddine/Desktop/Syndicat-Application/server/Config/configDb.js": {"path":"/home/noureddine/Desktop/Syndicat-Application/server/Config/configDb.js","statementMap":{"0":{"start":{"line":1,"column":17},"end":{"line":1,"column":36}},"1":{"start":{"line":3,"column":19},"end":{"line":3,"column":41}},"2":{"start":{"line":5,"column":0},"end":{"line":19,"column":1}},"3":{"start":{"line":6,"column":4},"end":{"line":6,"column":38}},"4":{"start":{"line":8,"column":4},"end":{"line":18,"column":6}},"5":{"start":{"line":12,"column":8},"end":{"line":12,"column":60}},"6":{"start":{"line":15,"column":8},"end":{"line":15,"column":53}},"7":{"start":{"line":16,"column":8},"end":{"line":16,"column":25}},"8":{"start":{"line":17,"column":8},"end":{"line":17,"column":23}}},"fnMap":{"0":{"name":"(anonymous_0)","decl":{"start":{"line":5,"column":18},"end":{"line":5,"column":19}},"loc":{"start":{"line":5,"column":24},"end":{"line":19,"column":1}},"line":5},"1":{"name":"(anonymous_1)","decl":{"start":{"line":11,"column":10},"end":{"line":11,"column":11}},"loc":{"start":{"line":11,"column":16},"end":{"line":13,"column":5}},"line":11},"2":{"name":"(anonymous_2)","decl":{"start":{"line":14,"column":11},"end":{"line":14,"column":12}},"loc":{"start":{"line":14,"column":20},"end":{"line":18,"column":5}},"line":14}},"branchMap":{},"s":{"0":1,"1":1,"2":1,"3":1,"4":1,"5":1,"6":0,"7":0,"8":0},"f":{"0":1,"1":1,"2":0},"b":{},"_coverageSchema":"1a1c01bbd47fc00a2c39e90264f33305004495a9","hash":"85eb4144e5abbbdd0ee358fd25150adc443f23bb"}
,"/home/noureddine/Desktop/Syndicat-Application/server/Controllers/AdminAuthentication.js": {"path":"/home/noureddine/Desktop/Syndicat-Application/server/Controllers/AdminAuthentication.js","statementMap":{"0":{"start":{"line":1,"column":12},"end":{"line":1,"column":35}},"1":{"start":{"line":2,"column":15},"end":{"line":2,"column":34}},"2":{"start":{"line":3,"column":21},"end":{"line":3,"column":53}},"3":{"start":{"line":4,"column":14},"end":{"line":4,"column":45}},"4":{"start":{"line":12,"column":26},"end":{"line":46,"column":2}},"5":{"start":{"line":13,"column":78},"end":{"line":13,"column":86}},"6":{"start":{"line":15,"column":4},"end":{"line":18,"column":5}},"7":{"start":{"line":16,"column":8},"end":{"line":17,"column":52}},"8":{"start":{"line":21,"column":24},"end":{"line":21,"column":52}},"9":{"start":{"line":22,"column":4},"end":{"line":25,"column":5}},"10":{"start":{"line":23,"column":8},"end":{"line":24,"column":47}},"11":{"start":{"line":27,"column":23},"end":{"line":27,"column":47}},"12":{"start":{"line":28,"column":27},"end":{"line":28,"column":67}},"13":{"start":{"line":31,"column":18},"end":{"line":38,"column":6}},"14":{"start":{"line":39,"column":4},"end":{"line":45,"column":5}},"15":{"start":{"line":40,"column":8},"end":{"line":41,"column":56}},"16":{"start":{"line":43,"column":8},"end":{"line":44,"column":65}},"17":{"start":{"line":53,"column":18},"end":{"line":76,"column":6}},"18":{"start":{"line":54,"column":35},"end":{"line":54,"column":43}},"19":{"start":{"line":57,"column":18},"end":{"line":57,"column":65}},"20":{"start":{"line":58,"column":4},"end":{"line":75,"column":9}},"21":{"start":{"line":59,"column":24},"end":{"line":59,"column":70}},"22":{"start":{"line":60,"column":8},"end":{"line":70,"column":9}},"23":{"start":{"line":61,"column":26},"end":{"line":63,"column":14}},"24":{"start":{"line":64,"column":12},"end":{"line":66,"column":34}},"25":{"start":{"line":68,"column":12},"end":{"line":69,"column":51}},"26":{"start":{"line":73,"column":12},"end":{"line":74,"column":51}},"27":{"start":{"line":79,"column":0},"end":{"line":79,"column":41}}},"fnMap":{"0":{"name":"(anonymous_0)","decl":{"start":{"line":12,"column":39},"end":{"line":12,"column":40}},"loc":{"start":{"line":12,"column":59},"end":{"line":46,"column":1}},"line":12},"1":{"name":"(anonymous_1)","decl":{"start":{"line":53,"column":31},"end":{"line":53,"column":32}},"loc":{"start":{"line":53,"column":49},"end":{"line":76,"column":5}},"line":53}},"branchMap":{"0":{"loc":{"start":{"line":15,"column":4},"end":{"line":18,"column":5}},"type":"if","locations":[{"start":{"line":15,"column":4},"end":{"line":18,"column":5}},{"start":{},"end":{}}],"line":15},"1":{"loc":{"start":{"line":15,"column":8},"end":{"line":15,"column":75}},"type":"binary-expr","locations":[{"start":{"line":15,"column":8},"end":{"line":15,"column":19}},{"start":{"line":15,"column":23},"end":{"line":15,"column":35}},{"start":{"line":15,"column":39},"end":{"line":15,"column":45}},{"start":{"line":15,"column":49},"end":{"line":15,"column":58}},{"start":{"line":15,"column":62},"end":{"line":15,"column":75}}],"line":15},"2":{"loc":{"start":{"line":22,"column":4},"end":{"line":25,"column":5}},"type":"if","locations":[{"start":{"line":22,"column":4},"end":{"line":25,"column":5}},{"start":{},"end":{}}],"line":22},"3":{"loc":{"start":{"line":39,"column":4},"end":{"line":45,"column":5}},"type":"if","locations":[{"start":{"line":39,"column":4},"end":{"line":45,"column":5}},{"start":{"line":42,"column":11},"end":{"line":45,"column":5}}],"line":39},"4":{"loc":{"start":{"line":58,"column":4},"end":{"line":75,"column":9}},"type":"if","locations":[{"start":{"line":58,"column":4},"end":{"line":75,"column":9}},{"start":{"line":72,"column":13},"end":{"line":75,"column":9}}],"line":58},"5":{"loc":{"start":{"line":60,"column":8},"end":{"line":70,"column":9}},"type":"if","locations":[{"start":{"line":60,"column":8},"end":{"line":70,"column":9}},{"start":{"line":67,"column":15},"end":{"line":70,"column":9}}],"line":60}},"s":{"0":1,"1":1,"2":1,"3":1,"4":1,"5":0,"6":0,"7":0,"8":0,"9":0,"10":0,"11":0,"12":0,"13":0,"14":0,"15":0,"16":0,"17":1,"18":4,"19":4,"20":4,"21":0,"22":0,"23":0,"24":0,"25":0,"26":4,"27":1},"f":{"0":0,"1":4},"b":{"0":[0,0],"1":[0,0,0,0,0],"2":[0,0],"3":[0,0],"4":[0,4],"5":[0,0]},"_coverageSchema":"1a1c01bbd47fc00a2c39e90264f33305004495a9","hash":"00a8f76f15dedd4787d7854e900513896828b131"}
,"/home/noureddine/Desktop/Syndicat-Application/server/Controllers/AppartementController.js": {"path":"/home/noureddine/Desktop/Syndicat-Application/server/Controllers/AppartementController.js","statementMap":{"0":{"start":{"line":1,"column":21},"end":{"line":1,"column":53}},"1":{"start":{"line":2,"column":20},"end":{"line":2,"column":57}},"2":{"start":{"line":9,"column":26},"end":{"line":30,"column":2}},"3":{"start":{"line":10,"column":51},"end":{"line":10,"column":59}},"4":{"start":{"line":11,"column":4},"end":{"line":14,"column":5}},"5":{"start":{"line":12,"column":8},"end":{"line":13,"column":58}},"6":{"start":{"line":16,"column":35},"end":{"line":16,"column":111}},"7":{"start":{"line":17,"column":4},"end":{"line":19,"column":5}},"8":{"start":{"line":18,"column":8},"end":{"line":18,"column":57}},"9":{"start":{"line":22,"column":24},"end":{"line":25,"column":6}},"10":{"start":{"line":26,"column":4},"end":{"line":29,"column":5}},"11":{"start":{"line":27,"column":8},"end":{"line":28,"column":68}},"12":{"start":{"line":36,"column":26},"end":{"line":45,"column":2}},"13":{"start":{"line":37,"column":24},"end":{"line":37,"column":65}},"14":{"start":{"line":38,"column":4},"end":{"line":44,"column":5}},"15":{"start":{"line":39,"column":8},"end":{"line":39,"column":34}},"16":{"start":{"line":40,"column":8},"end":{"line":40,"column":52}},"17":{"start":{"line":42,"column":8},"end":{"line":42,"column":23}},"18":{"start":{"line":43,"column":8},"end":{"line":43,"column":52}},"19":{"start":{"line":51,"column":26},"end":{"line":72,"column":2}},"20":{"start":{"line":52,"column":50},"end":{"line":52,"column":58}},"21":{"start":{"line":53,"column":16},"end":{"line":53,"column":29}},"22":{"start":{"line":55,"column":4},"end":{"line":58,"column":5}},"23":{"start":{"line":56,"column":8},"end":{"line":57,"column":52}},"24":{"start":{"line":60,"column":38},"end":{"line":63,"column":6}},"25":{"start":{"line":64,"column":4},"end":{"line":71,"column":5}},"26":{"start":{"line":65,"column":8},"end":{"line":66,"column":62}},"27":{"start":{"line":69,"column":8},"end":{"line":70,"column":64}},"28":{"start":{"line":78,"column":26},"end":{"line":87,"column":2}},"29":{"start":{"line":79,"column":25},"end":{"line":79,"column":51}},"30":{"start":{"line":80,"column":4},"end":{"line":86,"column":5}},"31":{"start":{"line":81,"column":8},"end":{"line":82,"column":31}},"32":{"start":{"line":84,"column":8},"end":{"line":85,"column":70}},"33":{"start":{"line":94,"column":29},"end":{"line":103,"column":2}},"34":{"start":{"line":95,"column":24},"end":{"line":95,"column":65}},"35":{"start":{"line":96,"column":4},"end":{"line":102,"column":5}},"36":{"start":{"line":97,"column":8},"end":{"line":98,"column":30}},"37":{"start":{"line":100,"column":8},"end":{"line":101,"column":70}},"38":{"start":{"line":115,"column":0},"end":{"line":115,"column":118}}},"fnMap":{"0":{"name":"(anonymous_0)","decl":{"start":{"line":9,"column":39},"end":{"line":9,"column":40}},"loc":{"start":{"line":9,"column":59},"end":{"line":30,"column":1}},"line":9},"1":{"name":"(anonymous_1)","decl":{"start":{"line":36,"column":39},"end":{"line":36,"column":40}},"loc":{"start":{"line":36,"column":59},"end":{"line":45,"column":1}},"line":36},"2":{"name":"(anonymous_2)","decl":{"start":{"line":51,"column":39},"end":{"line":51,"column":40}},"loc":{"start":{"line":51,"column":59},"end":{"line":72,"column":1}},"line":51},"3":{"name":"(anonymous_3)","decl":{"start":{"line":78,"column":39},"end":{"line":78,"column":40}},"loc":{"start":{"line":78,"column":59},"end":{"line":87,"column":1}},"line":78},"4":{"name":"(anonymous_4)","decl":{"start":{"line":94,"column":42},"end":{"line":94,"column":43}},"loc":{"start":{"line":94,"column":62},"end":{"line":103,"column":1}},"line":94}},"branchMap":{"0":{"loc":{"start":{"line":11,"column":4},"end":{"line":14,"column":5}},"type":"if","locations":[{"start":{"line":11,"column":4},"end":{"line":14,"column":5}},{"start":{},"end":{}}],"line":11},"1":{"loc":{"start":{"line":11,"column":8},"end":{"line":11,"column":46}},"type":"binary-expr","locations":[{"start":{"line":11,"column":8},"end":{"line":11,"column":23}},{"start":{"line":11,"column":27},"end":{"line":11,"column":46}}],"line":11},"2":{"loc":{"start":{"line":17,"column":4},"end":{"line":19,"column":5}},"type":"if","locations":[{"start":{"line":17,"column":4},"end":{"line":19,"column":5}},{"start":{},"end":{}}],"line":17},"3":{"loc":{"start":{"line":26,"column":4},"end":{"line":29,"column":5}},"type":"if","locations":[{"start":{"line":26,"column":4},"end":{"line":29,"column":5}},{"start":{},"end":{}}],"line":26},"4":{"loc":{"start":{"line":38,"column":4},"end":{"line":44,"column":5}},"type":"if","locations":[{"start":{"line":38,"column":4},"end":{"line":44,"column":5}},{"start":{"line":41,"column":11},"end":{"line":44,"column":5}}],"line":38},"5":{"loc":{"start":{"line":55,"column":4},"end":{"line":58,"column":5}},"type":"if","locations":[{"start":{"line":55,"column":4},"end":{"line":58,"column":5}},{"start":{},"end":{}}],"line":55},"6":{"loc":{"start":{"line":55,"column":7},"end":{"line":55,"column":45}},"type":"binary-expr","locations":[{"start":{"line":55,"column":7},"end":{"line":55,"column":22}},{"start":{"line":55,"column":26},"end":{"line":55,"column":45}}],"line":55},"7":{"loc":{"start":{"line":64,"column":4},"end":{"line":71,"column":5}},"type":"if","locations":[{"start":{"line":64,"column":4},"end":{"line":71,"column":5}},{"start":{"line":68,"column":8},"end":{"line":71,"column":5}}],"line":64},"8":{"loc":{"start":{"line":80,"column":4},"end":{"line":86,"column":5}},"type":"if","locations":[{"start":{"line":80,"column":4},"end":{"line":86,"column":5}},{"start":{"line":83,"column":11},"end":{"line":86,"column":5}}],"line":80},"9":{"loc":{"start":{"line":96,"column":4},"end":{"line":102,"column":5}},"type":"if","locations":[{"start":{"line":96,"column":4},"end":{"line":102,"column":5}},{"start":{"line":99,"column":11},"end":{"line":102,"column":5}}],"line":96}},"s":{"0":1,"1":1,"2":1,"3":0,"4":0,"5":0,"6":0,"7":0,"8":0,"9":0,"10":0,"11":0,"12":1,"13":0,"14":0,"15":0,"16":0,"17":0,"18":0,"19":1,"20":0,"21":0,"22":0,"23":0,"24":0,"25":0,"26":0,"27":0,"28":1,"29":0,"30":0,"31":0,"32":0,"33":1,"34":0,"35":0,"36":0,"37":0,"38":1},"f":{"0":0,"1":0,"2":0,"3":0,"4":0},"b":{"0":[0,0],"1":[0,0],"2":[0,0],"3":[0,0],"4":[0,0],"5":[0,0],"6":[0,0],"7":[0,0],"8":[0,0],"9":[0,0]},"_coverageSchema":"1a1c01bbd47fc00a2c39e90264f33305004495a9","hash":"d82c84dd6063bebae67964afb44d5a26b969d199"}
,"/home/noureddine/Desktop/Syndicat-Application/server/Controllers/ClientController.js": {"path":"/home/noureddine/Desktop/Syndicat-Application/server/Controllers/ClientController.js","statementMap":{"0":{"start":{"line":1,"column":15},"end":{"line":1,"column":47}},"1":{"start":{"line":2,"column":21},"end":{"line":2,"column":53}},"2":{"start":{"line":8,"column":21},"end":{"line":38,"column":2}},"3":{"start":{"line":13,"column":8},"end":{"line":13,"column":16}},"4":{"start":{"line":14,"column":4},"end":{"line":17,"column":5}},"5":{"start":{"line":15,"column":8},"end":{"line":16,"column":58}},"6":{"start":{"line":19,"column":25},"end":{"line":19,"column":55}},"7":{"start":{"line":20,"column":24},"end":{"line":20,"column":63}},"8":{"start":{"line":21,"column":4},"end":{"line":24,"column":5}},"9":{"start":{"line":22,"column":8},"end":{"line":23,"column":54}},"10":{"start":{"line":26,"column":19},"end":{"line":30,"column":6}},"11":{"start":{"line":31,"column":4},"end":{"line":37,"column":5}},"12":{"start":{"line":32,"column":8},"end":{"line":33,"column":63}},"13":{"start":{"line":35,"column":8},"end":{"line":36,"column":70}},"14":{"start":{"line":44,"column":21},"end":{"line":69,"column":2}},"15":{"start":{"line":49,"column":8},"end":{"line":49,"column":16}},"16":{"start":{"line":50,"column":16},"end":{"line":50,"column":29}},"17":{"start":{"line":51,"column":4},"end":{"line":54,"column":5}},"18":{"start":{"line":52,"column":8},"end":{"line":53,"column":58}},"19":{"start":{"line":56,"column":33},"end":{"line":61,"column":10}},"20":{"start":{"line":62,"column":4},"end":{"line":68,"column":5}},"21":{"start":{"line":63,"column":8},"end":{"line":64,"column":63}},"22":{"start":{"line":66,"column":8},"end":{"line":67,"column":70}},"23":{"start":{"line":75,"column":21},"end":{"line":85,"column":2}},"24":{"start":{"line":76,"column":16},"end":{"line":76,"column":29}},"25":{"start":{"line":77,"column":33},"end":{"line":77,"column":71}},"26":{"start":{"line":78,"column":4},"end":{"line":84,"column":5}},"27":{"start":{"line":79,"column":8},"end":{"line":80,"column":66}},"28":{"start":{"line":82,"column":8},"end":{"line":83,"column":71}},"29":{"start":{"line":91,"column":21},"end":{"line":100,"column":2}},"30":{"start":{"line":92,"column":32},"end":{"line":92,"column":53}},"31":{"start":{"line":93,"column":4},"end":{"line":99,"column":5}},"32":{"start":{"line":94,"column":8},"end":{"line":95,"column":39}},"33":{"start":{"line":97,"column":8},"end":{"line":98,"column":61}},"34":{"start":{"line":107,"column":24},"end":{"line":116,"column":2}},"35":{"start":{"line":108,"column":19},"end":{"line":108,"column":55}},"36":{"start":{"line":109,"column":4},"end":{"line":115,"column":5}},"37":{"start":{"line":110,"column":8},"end":{"line":111,"column":21}},"38":{"start":{"line":113,"column":8},"end":{"line":114,"column":55}},"39":{"start":{"line":121,"column":0},"end":{"line":121,"column":95}}},"fnMap":{"0":{"name":"(anonymous_0)","decl":{"start":{"line":8,"column":34},"end":{"line":8,"column":35}},"loc":{"start":{"line":8,"column":54},"end":{"line":38,"column":1}},"line":8},"1":{"name":"(anonymous_1)","decl":{"start":{"line":44,"column":34},"end":{"line":44,"column":35}},"loc":{"start":{"line":44,"column":54},"end":{"line":69,"column":1}},"line":44},"2":{"name":"(anonymous_2)","decl":{"start":{"line":75,"column":34},"end":{"line":75,"column":35}},"loc":{"start":{"line":75,"column":54},"end":{"line":85,"column":1}},"line":75},"3":{"name":"(anonymous_3)","decl":{"start":{"line":91,"column":34},"end":{"line":91,"column":35}},"loc":{"start":{"line":91,"column":54},"end":{"line":100,"column":1}},"line":91},"4":{"name":"(anonymous_4)","decl":{"start":{"line":107,"column":37},"end":{"line":107,"column":38}},"loc":{"start":{"line":107,"column":55},"end":{"line":116,"column":1}},"line":107}},"branchMap":{"0":{"loc":{"start":{"line":14,"column":4},"end":{"line":17,"column":5}},"type":"if","locations":[{"start":{"line":14,"column":4},"end":{"line":17,"column":5}},{"start":{},"end":{}}],"line":14},"1":{"loc":{"start":{"line":14,"column":8},"end":{"line":14,"column":38}},"type":"binary-expr","locations":[{"start":{"line":14,"column":8},"end":{"line":14,"column":13}},{"start":{"line":14,"column":17},"end":{"line":14,"column":21}},{"start":{"line":14,"column":25},"end":{"line":14,"column":38}}],"line":14},"2":{"loc":{"start":{"line":21,"column":4},"end":{"line":24,"column":5}},"type":"if","locations":[{"start":{"line":21,"column":4},"end":{"line":24,"column":5}},{"start":{},"end":{}}],"line":21},"3":{"loc":{"start":{"line":21,"column":8},"end":{"line":21,"column":35}},"type":"binary-expr","locations":[{"start":{"line":21,"column":8},"end":{"line":21,"column":20}},{"start":{"line":21,"column":24},"end":{"line":21,"column":35}}],"line":21},"4":{"loc":{"start":{"line":31,"column":4},"end":{"line":37,"column":5}},"type":"if","locations":[{"start":{"line":31,"column":4},"end":{"line":37,"column":5}},{"start":{"line":34,"column":11},"end":{"line":37,"column":5}}],"line":31},"5":{"loc":{"start":{"line":51,"column":4},"end":{"line":54,"column":5}},"type":"if","locations":[{"start":{"line":51,"column":4},"end":{"line":54,"column":5}},{"start":{},"end":{}}],"line":51},"6":{"loc":{"start":{"line":51,"column":8},"end":{"line":51,"column":38}},"type":"binary-expr","locations":[{"start":{"line":51,"column":8},"end":{"line":51,"column":13}},{"start":{"line":51,"column":17},"end":{"line":51,"column":21}},{"start":{"line":51,"column":25},"end":{"line":51,"column":38}}],"line":51},"7":{"loc":{"start":{"line":62,"column":4},"end":{"line":68,"column":5}},"type":"if","locations":[{"start":{"line":62,"column":4},"end":{"line":68,"column":5}},{"start":{"line":65,"column":11},"end":{"line":68,"column":5}}],"line":62},"8":{"loc":{"start":{"line":78,"column":4},"end":{"line":84,"column":5}},"type":"if","locations":[{"start":{"line":78,"column":4},"end":{"line":84,"column":5}},{"start":{"line":81,"column":11},"end":{"line":84,"column":5}}],"line":78},"9":{"loc":{"start":{"line":93,"column":4},"end":{"line":99,"column":5}},"type":"if","locations":[{"start":{"line":93,"column":4},"end":{"line":99,"column":5}},{"start":{"line":96,"column":11},"end":{"line":99,"column":5}}],"line":93},"10":{"loc":{"start":{"line":109,"column":4},"end":{"line":115,"column":5}},"type":"if","locations":[{"start":{"line":109,"column":4},"end":{"line":115,"column":5}},{"start":{"line":112,"column":11},"end":{"line":115,"column":5}}],"line":109}},"s":{"0":1,"1":1,"2":1,"3":0,"4":0,"5":0,"6":0,"7":0,"8":0,"9":0,"10":0,"11":0,"12":0,"13":0,"14":1,"15":0,"16":0,"17":0,"18":0,"19":0,"20":0,"21":0,"22":0,"23":1,"24":0,"25":0,"26":0,"27":0,"28":0,"29":1,"30":0,"31":0,"32":0,"33":0,"34":1,"35":0,"36":0,"37":0,"38":0,"39":1},"f":{"0":0,"1":0,"2":0,"3":0,"4":0},"b":{"0":[0,0],"1":[0,0,0],"2":[0,0],"3":[0,0],"4":[0,0],"5":[0,0],"6":[0,0,0],"7":[0,0],"8":[0,0],"9":[0,0],"10":[0,0]},"_coverageSchema":"1a1c01bbd47fc00a2c39e90264f33305004495a9","hash":"fb8760b74d37e23942665259723aeeda701a311d"}
,"/home/noureddine/Desktop/Syndicat-Application/server/Controllers/Counts.js": {"path":"/home/noureddine/Desktop/Syndicat-Application/server/Controllers/Counts.js","statementMap":{"0":{"start":{"line":1,"column":15},"end":{"line":1,"column":47}},"1":{"start":{"line":2,"column":20},"end":{"line":2,"column":57}},"2":{"start":{"line":3,"column":16},"end":{"line":3,"column":49}},"3":{"start":{"line":4,"column":21},"end":{"line":4,"column":53}},"4":{"start":{"line":7,"column":25},"end":{"line":16,"column":2}},"5":{"start":{"line":9,"column":4},"end":{"line":15,"column":7}},"6":{"start":{"line":10,"column":22},"end":{"line":10,"column":51}},"7":{"start":{"line":11,"column":8},"end":{"line":12,"column":20}},"8":{"start":{"line":14,"column":8},"end":{"line":14,"column":34}},"9":{"start":{"line":18,"column":30},"end":{"line":27,"column":2}},"10":{"start":{"line":20,"column":4},"end":{"line":26,"column":7}},"11":{"start":{"line":21,"column":22},"end":{"line":21,"column":56}},"12":{"start":{"line":22,"column":8},"end":{"line":23,"column":20}},"13":{"start":{"line":25,"column":8},"end":{"line":25,"column":34}},"14":{"start":{"line":30,"column":26},"end":{"line":39,"column":2}},"15":{"start":{"line":32,"column":4},"end":{"line":38,"column":7}},"16":{"start":{"line":33,"column":22},"end":{"line":33,"column":52}},"17":{"start":{"line":34,"column":8},"end":{"line":35,"column":20}},"18":{"start":{"line":37,"column":8},"end":{"line":37,"column":34}},"19":{"start":{"line":42,"column":0},"end":{"line":42,"column":78}}},"fnMap":{"0":{"name":"(anonymous_0)","decl":{"start":{"line":7,"column":38},"end":{"line":7,"column":39}},"loc":{"start":{"line":7,"column":56},"end":{"line":16,"column":1}},"line":7},"1":{"name":"(anonymous_1)","decl":{"start":{"line":18,"column":43},"end":{"line":18,"column":44}},"loc":{"start":{"line":18,"column":61},"end":{"line":27,"column":1}},"line":18},"2":{"name":"(anonymous_2)","decl":{"start":{"line":30,"column":39},"end":{"line":30,"column":40}},"loc":{"start":{"line":30,"column":57},"end":{"line":39,"column":1}},"line":30}},"branchMap":{},"s":{"0":1,"1":1,"2":1,"3":1,"4":1,"5":0,"6":0,"7":0,"8":0,"9":1,"10":0,"11":0,"12":0,"13":0,"14":1,"15":0,"16":0,"17":0,"18":0,"19":1},"f":{"0":0,"1":0,"2":0},"b":{},"_coverageSchema":"1a1c01bbd47fc00a2c39e90264f33305004495a9","hash":"24dc51c018e69fe142c9bf30c8fe9ed92b994495"}
,"/home/noureddine/Desktop/Syndicat-Application/server/Controllers/PaimentController.js": {"path":"/home/noureddine/Desktop/Syndicat-Application/server/Controllers/PaimentController.js","statementMap":{"0":{"start":{"line":1,"column":21},"end":{"line":1,"column":53}},"1":{"start":{"line":2,"column":16},"end":{"line":2,"column":49}},"2":{"start":{"line":3,"column":25},"end":{"line":3,"column":62}},"3":{"start":{"line":4,"column":20},"end":{"line":4,"column":52}},"4":{"start":{"line":12,"column":22},"end":{"line":49,"column":2}},"5":{"start":{"line":14,"column":57},"end":{"line":14,"column":65}},"6":{"start":{"line":15,"column":4},"end":{"line":18,"column":5}},"7":{"start":{"line":16,"column":8},"end":{"line":16,"column":24}},"8":{"start":{"line":17,"column":8},"end":{"line":17,"column":57}},"9":{"start":{"line":20,"column":30},"end":{"line":20,"column":111}},"10":{"start":{"line":21,"column":4},"end":{"line":24,"column":5}},"11":{"start":{"line":22,"column":8},"end":{"line":23,"column":49}},"12":{"start":{"line":26,"column":25},"end":{"line":26,"column":63}},"13":{"start":{"line":27,"column":4},"end":{"line":30,"column":5}},"14":{"start":{"line":28,"column":8},"end":{"line":29,"column":44}},"15":{"start":{"line":32,"column":21},"end":{"line":32,"column":37}},"16":{"start":{"line":33,"column":26},"end":{"line":33,"column":47}},"17":{"start":{"line":35,"column":20},"end":{"line":40,"column":6}},"18":{"start":{"line":41,"column":4},"end":{"line":47,"column":5}},"19":{"start":{"line":42,"column":8},"end":{"line":43,"column":59}},"20":{"start":{"line":45,"column":8},"end":{"line":46,"column":52}},"21":{"start":{"line":55,"column":22},"end":{"line":64,"column":2}},"22":{"start":{"line":56,"column":20},"end":{"line":56,"column":57}},"23":{"start":{"line":57,"column":4},"end":{"line":63,"column":5}},"24":{"start":{"line":58,"column":8},"end":{"line":58,"column":31}},"25":{"start":{"line":59,"column":8},"end":{"line":59,"column":46}},"26":{"start":{"line":61,"column":8},"end":{"line":62,"column":45}},"27":{"start":{"line":70,"column":23},"end":{"line":79,"column":2}},"28":{"start":{"line":71,"column":21},"end":{"line":71,"column":90}},"29":{"start":{"line":72,"column":4},"end":{"line":78,"column":5}},"30":{"start":{"line":73,"column":8},"end":{"line":74,"column":23}},"31":{"start":{"line":76,"column":8},"end":{"line":77,"column":46}},"32":{"start":{"line":85,"column":25},"end":{"line":94,"column":2}},"33":{"start":{"line":86,"column":20},"end":{"line":86,"column":104}},"34":{"start":{"line":87,"column":4},"end":{"line":93,"column":5}},"35":{"start":{"line":88,"column":8},"end":{"line":89,"column":22}},"36":{"start":{"line":91,"column":8},"end":{"line":92,"column":48}},"37":{"start":{"line":99,"column":0},"end":{"line":99,"column":86}}},"fnMap":{"0":{"name":"(anonymous_0)","decl":{"start":{"line":12,"column":35},"end":{"line":12,"column":36}},"loc":{"start":{"line":12,"column":55},"end":{"line":49,"column":1}},"line":12},"1":{"name":"(anonymous_1)","decl":{"start":{"line":55,"column":35},"end":{"line":55,"column":36}},"loc":{"start":{"line":55,"column":55},"end":{"line":64,"column":1}},"line":55},"2":{"name":"(anonymous_2)","decl":{"start":{"line":70,"column":36},"end":{"line":70,"column":37}},"loc":{"start":{"line":70,"column":56},"end":{"line":79,"column":1}},"line":70},"3":{"name":"(anonymous_3)","decl":{"start":{"line":85,"column":38},"end":{"line":85,"column":39}},"loc":{"start":{"line":85,"column":56},"end":{"line":94,"column":1}},"line":85}},"branchMap":{"0":{"loc":{"start":{"line":15,"column":4},"end":{"line":18,"column":5}},"type":"if","locations":[{"start":{"line":15,"column":4},"end":{"line":18,"column":5}},{"start":{},"end":{}}],"line":15},"1":{"loc":{"start":{"line":15,"column":7},"end":{"line":15,"column":55}},"type":"binary-expr","locations":[{"start":{"line":15,"column":7},"end":{"line":15,"column":12}},{"start":{"line":15,"column":16},"end":{"line":15,"column":24}},{"start":{"line":15,"column":28},"end":{"line":15,"column":47}},{"start":{"line":15,"column":51},"end":{"line":15,"column":55}}],"line":15},"2":{"loc":{"start":{"line":21,"column":4},"end":{"line":24,"column":5}},"type":"if","locations":[{"start":{"line":21,"column":4},"end":{"line":24,"column":5}},{"start":{},"end":{}}],"line":21},"3":{"loc":{"start":{"line":27,"column":4},"end":{"line":30,"column":5}},"type":"if","locations":[{"start":{"line":27,"column":4},"end":{"line":30,"column":5}},{"start":{},"end":{}}],"line":27},"4":{"loc":{"start":{"line":41,"column":4},"end":{"line":47,"column":5}},"type":"if","locations":[{"start":{"line":41,"column":4},"end":{"line":47,"column":5}},{"start":{"line":44,"column":9},"end":{"line":47,"column":5}}],"line":41},"5":{"loc":{"start":{"line":57,"column":4},"end":{"line":63,"column":5}},"type":"if","locations":[{"start":{"line":57,"column":4},"end":{"line":63,"column":5}},{"start":{"line":60,"column":9},"end":{"line":63,"column":5}}],"line":57},"6":{"loc":{"start":{"line":72,"column":4},"end":{"line":78,"column":5}},"type":"if","locations":[{"start":{"line":72,"column":4},"end":{"line":78,"column":5}},{"start":{"line":75,"column":9},"end":{"line":78,"column":5}}],"line":72},"7":{"loc":{"start":{"line":87,"column":4},"end":{"line":93,"column":5}},"type":"if","locations":[{"start":{"line":87,"column":4},"end":{"line":93,"column":5}},{"start":{"line":90,"column":11},"end":{"line":93,"column":5}}],"line":87}},"s":{"0":1,"1":1,"2":1,"3":1,"4":1,"5":0,"6":0,"7":0,"8":0,"9":0,"10":0,"11":0,"12":0,"13":0,"14":0,"15":0,"16":0,"17":0,"18":0,"19":0,"20":0,"21":1,"22":0,"23":0,"24":0,"25":0,"26":0,"27":1,"28":0,"29":0,"30":0,"31":0,"32":1,"33":0,"34":0,"35":0,"36":0,"37":1},"f":{"0":0,"1":0,"2":0,"3":0},"b":{"0":[0,0],"1":[0,0,0,0],"2":[0,0],"3":[0,0],"4":[0,0],"5":[0,0],"6":[0,0],"7":[0,0]},"_coverageSchema":"1a1c01bbd47fc00a2c39e90264f33305004495a9","hash":"6bbe480da9fe67c0403e1b4b7eab0efdf28da3e2"}
,"/home/noureddine/Desktop/Syndicat-Application/server/Middlewares/SyndicatMiddelwares.js": {"path":"/home/noureddine/Desktop/Syndicat-Application/server/Middlewares/SyndicatMiddelwares.js","statementMap":{"0":{"start":{"line":1,"column":12},"end":{"line":1,"column":35}},"1":{"start":{"line":2,"column":14},"end":{"line":2,"column":45}},"2":{"start":{"line":4,"column":27},"end":{"line":14,"column":5}},"3":{"start":{"line":7,"column":22},"end":{"line":7,"column":63}},"4":{"start":{"line":8,"column":25},"end":{"line":8,"column":35}},"5":{"start":{"line":9,"column":8},"end":{"line":12,"column":9}},"6":{"start":{"line":10,"column":12},"end":{"line":11,"column":50}},"7":{"start":{"line":13,"column":8},"end":{"line":13,"column":14}},"8":{"start":{"line":17,"column":0},"end":{"line":17,"column":36}}},"fnMap":{"0":{"name":"(anonymous_0)","decl":{"start":{"line":4,"column":27},"end":{"line":4,"column":28}},"loc":{"start":{"line":4,"column":51},"end":{"line":14,"column":5}},"line":4}},"branchMap":{"0":{"loc":{"start":{"line":9,"column":8},"end":{"line":12,"column":9}},"type":"if","locations":[{"start":{"line":9,"column":8},"end":{"line":12,"column":9}},{"start":{},"end":{}}],"line":9}},"s":{"0":1,"1":1,"2":1,"3":0,"4":0,"5":0,"6":0,"7":0,"8":1},"f":{"0":0},"b":{"0":[0,0]},"_coverageSchema":"1a1c01bbd47fc00a2c39e90264f33305004495a9","hash":"c695d0786a844edce81a6648cb0352e2dc9da4d5"}
,"/home/noureddine/Desktop/Syndicat-Application/server/Middlewares/verifyToken.js": {"path":"/home/noureddine/Desktop/Syndicat-Application/server/Middlewares/verifyToken.js","statementMap":{"0":{"start":{"line":1,"column":12},"end":{"line":1,"column":35}},"1":{"start":{"line":3,"column":20},"end":{"line":16,"column":1}},"2":{"start":{"line":4,"column":18},"end":{"line":4,"column":59}},"3":{"start":{"line":5,"column":4},"end":{"line":6,"column":59}},"4":{"start":{"line":5,"column":15},"end":{"line":6,"column":59}},"5":{"start":{"line":8,"column":4},"end":{"line":15,"column":5}},"6":{"start":{"line":9,"column":25},"end":{"line":9,"column":66}},"7":{"start":{"line":10,"column":8},"end":{"line":10,"column":27}},"8":{"start":{"line":11,"column":8},"end":{"line":11,"column":14}},"9":{"start":{"line":13,"column":8},"end":{"line":14,"column":47}},"10":{"start":{"line":18,"column":0},"end":{"line":18,"column":29}}},"fnMap":{"0":{"name":"(anonymous_0)","decl":{"start":{"line":3,"column":20},"end":{"line":3,"column":21}},"loc":{"start":{"line":3,"column":42},"end":{"line":16,"column":1}},"line":3}},"branchMap":{"0":{"loc":{"start":{"line":5,"column":4},"end":{"line":6,"column":59}},"type":"if","locations":[{"start":{"line":5,"column":4},"end":{"line":6,"column":59}},{"start":{},"end":{}}],"line":5}},"s":{"0":1,"1":1,"2":0,"3":0,"4":0,"5":0,"6":0,"7":0,"8":0,"9":0,"10":1},"f":{"0":0},"b":{"0":[0,0]},"_coverageSchema":"1a1c01bbd47fc00a2c39e90264f33305004495a9","hash":"2053462ee2f5fe27c25479c725dd540b7a914c2d"}
,"/home/noureddine/Desktop/Syndicat-Application/server/Models/AdminModel.js": {"path":"/home/noureddine/Desktop/Syndicat-Application/server/Models/AdminModel.js","statementMap":{"0":{"start":{"line":1,"column":17},"end":{"line":1,"column":36}},"1":{"start":{"line":3,"column":20},"end":{"line":29,"column":2}},"2":{"start":{"line":31,"column":0},"end":{"line":31,"column":54}}},"fnMap":{},"branchMap":{},"s":{"0":1,"1":1,"2":1},"f":{},"b":{},"_coverageSchema":"1a1c01bbd47fc00a2c39e90264f33305004495a9","hash":"c74a936dfb818e0b73e4b01abfc4af8f9cde81ae"}
,"/home/noureddine/Desktop/Syndicat-Application/server/Models/AppartementModel.js": {"path":"/home/noureddine/Desktop/Syndicat-Application/server/Models/AppartementModel.js","statementMap":{"0":{"start":{"line":1,"column":17},"end":{"line":1,"column":36}},"1":{"start":{"line":3,"column":26},"end":{"line":13,"column":2}},"2":{"start":{"line":15,"column":0},"end":{"line":15,"column":66}}},"fnMap":{},"branchMap":{},"s":{"0":1,"1":1,"2":1},"f":{},"b":{},"_coverageSchema":"1a1c01bbd47fc00a2c39e90264f33305004495a9","hash":"5326ea23824f5310a347f13b0ea7db49b13b6dbd"}
,"/home/noureddine/Desktop/Syndicat-Application/server/Models/ClientModel.js": {"path":"/home/noureddine/Desktop/Syndicat-Application/server/Models/ClientModel.js","statementMap":{"0":{"start":{"line":1,"column":17},"end":{"line":1,"column":36}},"1":{"start":{"line":3,"column":21},"end":{"line":18,"column":2}},"2":{"start":{"line":20,"column":0},"end":{"line":20,"column":56}}},"fnMap":{},"branchMap":{},"s":{"0":1,"1":1,"2":1},"f":{},"b":{},"_coverageSchema":"1a1c01bbd47fc00a2c39e90264f33305004495a9","hash":"d538383b9d47a9896937c39194cc56c85ece39bb"}
,"/home/noureddine/Desktop/Syndicat-Application/server/Models/PaimentModel.js": {"path":"/home/noureddine/Desktop/Syndicat-Application/server/Models/PaimentModel.js","statementMap":{"0":{"start":{"line":1,"column":17},"end":{"line":1,"column":36}},"1":{"start":{"line":2,"column":20},"end":{"line":2,"column":49}},"2":{"start":{"line":3,"column":15},"end":{"line":3,"column":39}},"3":{"start":{"line":5,"column":27},"end":{"line":22,"column":2}},"4":{"start":{"line":24,"column":0},"end":{"line":24,"column":63}}},"fnMap":{},"branchMap":{},"s":{"0":1,"1":1,"2":1,"3":1,"4":1},"f":{},"b":{},"_coverageSchema":"1a1c01bbd47fc00a2c39e90264f33305004495a9","hash":"b44b59e88301b5ef3d5748a8e7b072d0fbf81a8d"}
,"/home/noureddine/Desktop/Syndicat-Application/server/Routers/AdminAuthRouter.js": {"path":"/home/noureddine/Desktop/Syndicat-Application/server/Routers/AdminAuthRouter.js","statementMap":{"0":{"start":{"line":1,"column":16},"end":{"line":1,"column":34}},"1":{"start":{"line":2,"column":15},"end":{"line":2,"column":31}},"2":{"start":{"line":4,"column":33},"end":{"line":4,"column":78}},"3":{"start":{"line":6,"column":0},"end":{"line":6,"column":40}},"4":{"start":{"line":7,"column":0},"end":{"line":7,"column":29}},"5":{"start":{"line":10,"column":0},"end":{"line":10,"column":24}}},"fnMap":{},"branchMap":{},"s":{"0":1,"1":1,"2":1,"3":1,"4":1,"5":1},"f":{},"b":{},"_coverageSchema":"1a1c01bbd47fc00a2c39e90264f33305004495a9","hash":"96c44605d58a6579b9880a606c6b8f276a3adc77"}
,"/home/noureddine/Desktop/Syndicat-Application/server/Routers/AppartementRouters.js": {"path":"/home/noureddine/Desktop/Syndicat-Application/server/Routers/AppartementRouters.js","statementMap":{"0":{"start":{"line":1,"column":16},"end":{"line":1,"column":34}},"1":{"start":{"line":2,"column":12},"end":{"line":2,"column":21}},"2":{"start":{"line":4,"column":111},"end":{"line":4,"column":158}},"3":{"start":{"line":5,"column":20},"end":{"line":5,"column":57}},"4":{"start":{"line":6,"column":27},"end":{"line":6,"column":72}},"5":{"start":{"line":10,"column":0},"end":{"line":10,"column":74}},"6":{"start":{"line":11,"column":0},"end":{"line":11,"column":80}},"7":{"start":{"line":12,"column":0},"end":{"line":12,"column":77}},"8":{"start":{"line":13,"column":0},"end":{"line":13,"column":74}},"9":{"start":{"line":14,"column":0},"end":{"line":14,"column":80}},"10":{"start":{"line":16,"column":0},"end":{"line":16,"column":21}}},"fnMap":{},"branchMap":{},"s":{"0":1,"1":1,"2":1,"3":1,"4":1,"5":1,"6":1,"7":1,"8":1,"9":1,"10":1},"f":{},"b":{},"_coverageSchema":"1a1c01bbd47fc00a2c39e90264f33305004495a9","hash":"b22a1d71ce4c596ac0234cde2b13d441fd7a98f9"}
,"/home/noureddine/Desktop/Syndicat-Application/server/Routers/ClientRouter.js": {"path":"/home/noureddine/Desktop/Syndicat-Application/server/Routers/ClientRouter.js","statementMap":{"0":{"start":{"line":1,"column":16},"end":{"line":1,"column":34}},"1":{"start":{"line":2,"column":12},"end":{"line":2,"column":21}},"2":{"start":{"line":3,"column":86},"end":{"line":3,"column":128}},"3":{"start":{"line":4,"column":20},"end":{"line":4,"column":57}},"4":{"start":{"line":5,"column":27},"end":{"line":5,"column":72}},"5":{"start":{"line":8,"column":0},"end":{"line":8,"column":64}},"6":{"start":{"line":9,"column":0},"end":{"line":9,"column":67}},"7":{"start":{"line":10,"column":0},"end":{"line":10,"column":70}},"8":{"start":{"line":11,"column":0},"end":{"line":11,"column":63}},"9":{"start":{"line":12,"column":0},"end":{"line":12,"column":70}},"10":{"start":{"line":14,"column":0},"end":{"line":14,"column":21}}},"fnMap":{},"branchMap":{},"s":{"0":1,"1":1,"2":1,"3":1,"4":1,"5":1,"6":1,"7":1,"8":1,"9":1,"10":1},"f":{},"b":{},"_coverageSchema":"1a1c01bbd47fc00a2c39e90264f33305004495a9","hash":"5a7ad1e6d6fa0454b5196e1fa72358f9a8a12c82"}
,"/home/noureddine/Desktop/Syndicat-Application/server/Routers/Dashboard.js": {"path":"/home/noureddine/Desktop/Syndicat-Application/server/Routers/Dashboard.js","statementMap":{"0":{"start":{"line":1,"column":16},"end":{"line":1,"column":34}},"1":{"start":{"line":2,"column":12},"end":{"line":2,"column":28}},"2":{"start":{"line":3,"column":72},"end":{"line":3,"column":104}},"3":{"start":{"line":4,"column":20},"end":{"line":4,"column":57}},"4":{"start":{"line":5,"column":27},"end":{"line":5,"column":72}},"5":{"start":{"line":8,"column":0},"end":{"line":8,"column":72}},"6":{"start":{"line":9,"column":0},"end":{"line":9,"column":82}},"7":{"start":{"line":10,"column":0},"end":{"line":10,"column":74}},"8":{"start":{"line":13,"column":0},"end":{"line":13,"column":21}}},"fnMap":{},"branchMap":{},"s":{"0":1,"1":1,"2":1,"3":1,"4":1,"5":1,"6":1,"7":1,"8":1},"f":{},"b":{},"_coverageSchema":"1a1c01bbd47fc00a2c39e90264f33305004495a9","hash":"29ee70a94f7a155977147aec8bd8790c15edc2f0"}
,"/home/noureddine/Desktop/Syndicat-Application/server/Routers/PaimentRouter.js": {"path":"/home/noureddine/Desktop/Syndicat-Application/server/Routers/PaimentRouter.js","statementMap":{"0":{"start":{"line":1,"column":16},"end":{"line":1,"column":34}},"1":{"start":{"line":2,"column":15},"end":{"line":2,"column":31}},"2":{"start":{"line":3,"column":77},"end":{"line":3,"column":120}},"3":{"start":{"line":4,"column":20},"end":{"line":4,"column":57}},"4":{"start":{"line":5,"column":28},"end":{"line":5,"column":73}},"5":{"start":{"line":8,"column":0},"end":{"line":8,"column":70}},"6":{"start":{"line":9,"column":0},"end":{"line":9,"column":76}},"7":{"start":{"line":10,"column":0},"end":{"line":10,"column":71}},"8":{"start":{"line":11,"column":0},"end":{"line":11,"column":75}},"9":{"start":{"line":14,"column":0},"end":{"line":14,"column":24}}},"fnMap":{},"branchMap":{},"s":{"0":1,"1":1,"2":1,"3":1,"4":1,"5":1,"6":1,"7":1,"8":1,"9":1},"f":{},"b":{},"_coverageSchema":"1a1c01bbd47fc00a2c39e90264f33305004495a9","hash":"e9999b7ab4a923cb785dd02e8428e0f560900985"}
}
